Using pre-set license

 COMMAND LINE ARGUMENTS:
/Applications/Unity/Hub/Editor/2020.3.8f1/Unity.app/Contents/MacOS/Unity
-adb2
-batchMode
-noUpm
-name
AssetImportWorker0
-projectPath
/Users/r0xst4t10n/unity-atoms-examples
-logFile
Logs/AssetImportWorker0.log
-srvPort
50660
Successfully changed project path to: /Users/r0xst4t10n/unity-atoms-examples
/Users/r0xst4t10n/unity-atoms-examples
Using Asset Import Pipeline V2.
Refreshing native plugins compatible for Editor in 38.40 ms, found 1 plugins.
Preloading 0 native plugins for Editor in 0.00 ms.
Initialize engine version: 2020.3.8f1 (507919d4fff5)
[Subsystems] Discovering subsystems at path /Applications/Unity/Hub/Editor/2020.3.8f1/Unity.app/Contents/Resources/UnitySubsystems
[Subsystems] Discovering subsystems at path /Users/r0xst4t10n/unity-atoms-examples/Assets
GfxDevice: creating device client; threaded=0
2022-03-29 20:40:48.319 Unity[10441:141007] Color LCD preferred device: AMD Radeon Pro 460 (high power)
2022-03-29 20:40:48.319 Unity[10441:141007] Metal devices available: 2
2022-03-29 20:40:48.319 Unity[10441:141007] 0: AMD Radeon Pro 460 (high power)
2022-03-29 20:40:48.319 Unity[10441:141007] 1: Intel(R) HD Graphics 530 (low power)
2022-03-29 20:40:48.319 Unity[10441:141007] Using device AMD Radeon Pro 460 (high power)
Initializing Metal device caps: AMD Radeon Pro 460
Initialize mono
Mono path[0] = '/Applications/Unity/Hub/Editor/2020.3.8f1/Unity.app/Contents/Managed'
Mono path[1] = '/Applications/Unity/Hub/Editor/2020.3.8f1/Unity.app/Contents/MonoBleedingEdge/lib/mono/unityjit'
Mono config path = '/Applications/Unity/Hub/Editor/2020.3.8f1/Unity.app/Contents/MonoBleedingEdge/etc'
Using monoOptions --debugger-agent=transport=dt_socket,embedding=1,server=y,suspend=n,address=127.0.0.1:56441
Begin MonoManager ReloadAssembly
Registering precompiled unity dll's ...
Register platform support module: /Applications/Unity/Hub/Editor/2020.3.8f1/Unity.app/Contents/PlaybackEngines/MacStandaloneSupport/UnityEditor.OSXStandalone.Extensions.dll
Registered in 0.000590 seconds.
Native extension for OSXStandalone target not found
Refreshing native plugins compatible for Editor in 41.42 ms, found 1 plugins.
Preloading 0 native plugins for Editor in 0.00 ms.
Mono: successfully reloaded assembly
- Completed reload, in  3.354 seconds
Platform modules already initialized, skipping
Registering precompiled user dll's ...
Registered in 0.000631 seconds.
Begin MonoManager ReloadAssembly
Native extension for OSXStandalone target not found
Refreshing native plugins compatible for Editor in 44.80 ms, found 1 plugins.
Preloading 0 native plugins for Editor in 0.00 ms.
Mono: successfully reloaded assembly
- Completed reload, in  1.493 seconds
Platform modules already initialized, skipping
========================================================================
Worker process is ready to serve import requests
Launching external process: /Applications/Unity/Hub/Editor/2020.3.8f1/Unity.app/Contents/Tools/UnityShaderCompiler
Launched and connected shader compiler UnityShaderCompiler after 0.02 seconds
Refreshing native plugins compatible for Editor in 0.32 ms, found 1 plugins.
Preloading 0 native plugins for Editor in 0.00 ms.
Unloading 2031 Unused Serialized files (Serialized files now loaded: 0)
System memory in use before: 146.4 MB.
System memory in use after: 146.5 MB.

Unloading 16 unused Assets to reduce memory usage. Loaded Objects now: 2477.
Total: 2.173903 ms (FindLiveObjects: 0.226816 ms CreateObjectMapping: 0.079310 ms MarkObjects: 1.793611 ms  DeleteObjects: 0.073221 ms)

========================================================================
Received Import Request.
  path: Assets/Intro/Intro.unity
  artifactKey: Guid(5975690ceb19c40728375ab924af0fbe) Importer(815301076,1909f56bfc062723c751e8b465ee728b)
Start importing Assets/Intro/Intro.unity using Guid(5975690ceb19c40728375ab924af0fbe) Importer(815301076,1909f56bfc062723c751e8b465ee728b)  -> (artifact id: '185823086cdc8b82d4592d45f8d87e7c') in 0.016841 seconds
  Import took 0.019990 seconds .

========================================================================
Received Prepare
Registering precompiled user dll's ...
Registered in 0.000856 seconds.
Begin MonoManager ReloadAssembly
Native extension for OSXStandalone target not found
Refreshing native plugins compatible for Editor in 32.43 ms, found 1 plugins.
Preloading 0 native plugins for Editor in 0.00 ms.
Mono: successfully reloaded assembly
- Completed reload, in  0.977 seconds
Platform modules already initialized, skipping
Refreshing native plugins compatible for Editor in 0.29 ms, found 1 plugins.
Preloading 0 native plugins for Editor in 0.00 ms.
Unloading 2026 Unused Serialized files (Serialized files now loaded: 0)
System memory in use before: 128.7 MB.
System memory in use after: 128.8 MB.

Unloading 3 unused Assets to reduce memory usage. Loaded Objects now: 2477.
Total: 1.753732 ms (FindLiveObjects: 0.203647 ms CreateObjectMapping: 0.075268 ms MarkObjects: 1.458732 ms  DeleteObjects: 0.015153 ms)

AssetImportWorkerClient::OnTransportError - code=2 error=End of file
